[29-Sep-2025 19:35:12 Europe/Berlin] PHP Fatal error:  Uncaught Error: Call to a member function bind_param() on bool in E:\xampp\htdocs\ProjectHorizon\api\main_handler.php:76
Stack trace:
#0 E:\xampp\htdocs\ProjectHorizon\api\main_handler.php(823): handle_security_event(Object(mysqli), 'aguilar.131103j...', 'check_reset_req...', '')
#1 {main}
  thrown in E:\xampp\htdocs\ProjectHorizon\api\main_handler.php on line 76
[29-Sep-2025 19:35:27 Europe/Berlin] PHP Fatal error:  Uncaught Error: Call to a member function bind_param() on bool in E:\xampp\htdocs\ProjectHorizon\api\main_handler.php:76
Stack trace:
#0 E:\xampp\htdocs\ProjectHorizon\api\main_handler.php(823): handle_security_event(Object(mysqli), '2222222@gmail.c...', 'check_reset_req...', '')
#1 {main}
  thrown in E:\xampp\htdocs\ProjectHorizon\api\main_handler.php on line 76
[29-Sep-2025 19:35:30 Europe/Berlin] PHP Fatal error:  Uncaught Error: Call to a member function bind_param() on bool in E:\xampp\htdocs\ProjectHorizon\api\main_handler.php:76
Stack trace:
#0 E:\xampp\htdocs\ProjectHorizon\api\main_handler.php(823): handle_security_event(Object(mysqli), '2222222@gmail.c...', 'check_reset_req...', '')
#1 {main}
  thrown in E:\xampp\htdocs\ProjectHorizon\api\main_handler.php on line 76
[29-Sep-2025 19:35:30 Europe/Berlin] PHP Fatal error:  Uncaught Error: Call to a member function bind_param() on bool in E:\xampp\htdocs\ProjectHorizon\api\main_handler.php:76
Stack trace:
#0 E:\xampp\htdocs\ProjectHorizon\api\main_handler.php(823): handle_security_event(Object(mysqli), '2222222@gmail.c...', 'check_reset_req...', '')
#1 {main}
  thrown in E:\xampp\htdocs\ProjectHorizon\api\main_handler.php on line 76
[29-Sep-2025 19:35:30 Europe/Berlin] PHP Fatal error:  Uncaught Error: Call to a member function bind_param() on bool in E:\xampp\htdocs\ProjectHorizon\api\main_handler.php:76
Stack trace:
#0 E:\xampp\htdocs\ProjectHorizon\api\main_handler.php(823): handle_security_event(Object(mysqli), '2222222@gmail.c...', 'check_reset_req...', '')
#1 {main}
  thrown in E:\xampp\htdocs\ProjectHorizon\api\main_handler.php on line 76
[29-Sep-2025 19:35:30 Europe/Berlin] PHP Fatal error:  Uncaught Error: Call to a member function bind_param() on bool in E:\xampp\htdocs\ProjectHorizon\api\main_handler.php:76
Stack trace:
#0 E:\xampp\htdocs\ProjectHorizon\api\main_handler.php(823): handle_security_event(Object(mysqli), '2222222@gmail.c...', 'check_reset_req...', '')
#1 {main}
  thrown in E:\xampp\htdocs\ProjectHorizon\api\main_handler.php on line 76
[29-Sep-2025 19:35:38 Europe/Berlin] PHP Fatal error:  Uncaught Error: Call to a member function bind_param() on bool in E:\xampp\htdocs\ProjectHorizon\api\main_handler.php:76
Stack trace:
#0 E:\xampp\htdocs\ProjectHorizon\api\main_handler.php(822): handle_security_event(Object(mysqli), '2222222@gmail.c...', 'check_reset_req...', '')
#1 {main}
  thrown in E:\xampp\htdocs\ProjectHorizon\api\main_handler.php on line 76
[29-Sep-2025 19:35:43 Europe/Berlin] PHP Fatal error:  Uncaught Error: Call to a member function bind_param() on bool in E:\xampp\htdocs\ProjectHorizon\api\main_handler.php:76
Stack trace:
#0 E:\xampp\htdocs\ProjectHorizon\api\main_handler.php(822): handle_security_event(Object(mysqli), '2222222@gmail.c...', 'check_reset_req...', '')
#1 {main}
  thrown in E:\xampp\htdocs\ProjectHorizon\api\main_handler.php on line 76
[29-Sep-2025 19:35:45 Europe/Berlin] PHP Fatal error:  Uncaught Error: Call to a member function bind_param() on bool in E:\xampp\htdocs\ProjectHorizon\api\main_handler.php:76
Stack trace:
#0 E:\xampp\htdocs\ProjectHorizon\api\main_handler.php(822): handle_security_event(Object(mysqli), '2222222@gmail.c...', 'check_reset_req...', '')
#1 {main}
  thrown in E:\xampp\htdocs\ProjectHorizon\api\main_handler.php on line 76
[29-Sep-2025 19:35:45 Europe/Berlin] PHP Fatal error:  Uncaught Error: Call to a member function bind_param() on bool in E:\xampp\htdocs\ProjectHorizon\api\main_handler.php:76
Stack trace:
#0 E:\xampp\htdocs\ProjectHorizon\api\main_handler.php(822): handle_security_event(Object(mysqli), '2222222@gmail.c...', 'check_reset_req...', '')
#1 {main}
  thrown in E:\xampp\htdocs\ProjectHorizon\api\main_handler.php on line 76
[29-Sep-2025 19:35:45 Europe/Berlin] PHP Fatal error:  Uncaught Error: Call to a member function bind_param() on bool in E:\xampp\htdocs\ProjectHorizon\api\main_handler.php:76
Stack trace:
#0 E:\xampp\htdocs\ProjectHorizon\api\main_handler.php(822): handle_security_event(Object(mysqli), '2222222@gmail.c...', 'check_reset_req...', '')
#1 {main}
  thrown in E:\xampp\htdocs\ProjectHorizon\api\main_handler.php on line 76
[29-Sep-2025 19:35:45 Europe/Berlin] PHP Fatal error:  Uncaught Error: Call to a member function bind_param() on bool in E:\xampp\htdocs\ProjectHorizon\api\main_handler.php:76
Stack trace:
#0 E:\xampp\htdocs\ProjectHorizon\api\main_handler.php(822): handle_security_event(Object(mysqli), '2222222@gmail.c...', 'check_reset_req...', '')
#1 {main}
  thrown in E:\xampp\htdocs\ProjectHorizon\api\main_handler.php on line 76
[29-Sep-2025 19:35:54 Europe/Berlin] PHP Fatal error:  Uncaught Error: Call to a member function bind_param() on bool in E:\xampp\htdocs\ProjectHorizon\api\main_handler.php:79
Stack trace:
#0 E:\xampp\htdocs\ProjectHorizon\api\main_handler.php(835): handle_security_event(Object(mysqli), '2222222@gmail.c...', 'check_reset_req...', '')
#1 {main}
  thrown in E:\xampp\htdocs\ProjectHorizon\api\main_handler.php on line 79
